# JRE version: OpenJDK Runtime Environment (21.0.9) (build 21.0.9+-14787801-b1163.94)
# Java VM: OpenJDK 64-Bit Server VM (21.0.9+-14787801-b1163.94, mixed mode, tiered, compressed oops, compressed class ptrs, g1 gc, windows-amd64)
GC Precious Log:
 CardTable entry size: 512
 Card Set container configuration: InlinePtr #cards 5 size 8 Array Of Cards #cards 12 size 40 Howl #buckets 4 coarsen threshold 1843 Howl Bitmap #cards 512 size 80 coarsen threshold 460 Card regions per heap region 1 cards per card region 2048
 CPUs: 4 total, 4 available
 Memory: 3877M
 Large Page Support: Disabled
 NUMA Support: Disabled
 Compressed Oops: Enabled (32-bit)
 Heap Region Size: 1M
 Heap Min Capacity: 8M
 Heap Initial Capacity: 62M
 Heap Max Capacity: 1536M
 Pre-touch: Disabled
 Parallel Workers: 4
 Concurrent Workers: 1
 Concurrent Refinement Workers: 4
 Periodic GC: Disabled
Heap:
 garbage-first heap   total 319488K, used 106706K [0x00000000a0000000, 0x0000000100000000)
  region size 1024K, 33 young (33792K), 10 survivors (10240K)
 Metaspace       used 61872K, committed 63232K, reserved 491520K
  class space    used 8231K, committed 8896K, reserved 425984K
GC Heap History (20 events):
Event: 99.941 GC heap before
{Heap before GC invocations=117 (full 0):
 garbage-first heap   total 266240K, used 217748K [0x00000000a0000000, 0x0000000100000000)
  region size 1024K, 156 young (159744K), 10 survivors (10240K)
 Metaspace       used 60741K, committed 62144K, reserved 491520K
  class space    used 8191K, committed 8896K, reserved 425984K
}
Event: 99.958 GC heap after
{Heap after GC invocations=118 (full 0):
 garbage-first heap   total 266240K, used 68793K [0x00000000a0000000, 0x0000000100000000)
  region size 1024K, 10 young (10240K), 10 survivors (10240K)
 Metaspace       used 60741K, committed 62144K, reserved 491520K
  class space    used 8191K, committed 8896K, reserved 425984K
}
Event: 100.455 GC heap before
{Heap before GC invocations=118 (full 0):
 garbage-first heap   total 266240K, used 219321K [0x00000000a0000000, 0x0000000100000000)
  region size 1024K, 156 young (159744K), 10 survivors (10240K)
 Metaspace       used 60743K, committed 62144K, reserved 491520K
  class space    used 8191K, committed 8896K, reserved 425984K
}
Event: 100.467 GC heap after
{Heap after GC invocations=119 (full 0):
 garbage-first heap   total 266240K, used 69816K [0x00000000a0000000, 0x0000000100000000)
  region size 1024K, 11 young (11264K), 11 survivors (11264K)
 Metaspace       used 60743K, committed 62144K, reserved 491520K
  class space    used 8191K, committed 8896K, reserved 425984K
}
Event: 100.864 GC heap before
{Heap before GC invocations=119 (full 0):
 garbage-first heap   total 266240K, used 218296K [0x00000000a0000000, 0x0000000100000000)
  region size 1024K, 156 young (159744K), 11 survivors (11264K)
 Metaspace       used 60745K, committed 62144K, reserved 491520K
  class space    used 8191K, committed 8896K, reserved 425984K
}
Event: 100.876 GC heap after
{Heap after GC invocations=120 (full 0):
 garbage-first heap   total 266240K, used 70754K [0x00000000a0000000, 0x0000000100000000)
  region size 1024K, 11 young (11264K), 11 survivors (11264K)
 Metaspace       used 60745K, committed 62144K, reserved 491520K
  class space    used 8191K, committed 8896K, reserved 425984K
}
Event: 101.306 GC heap before
{Heap before GC invocations=120 (full 0):
 garbage-first heap   total 266240K, used 219234K [0x00000000a0000000, 0x0000000100000000)
  region size 1024K, 156 young (159744K), 11 survivors (11264K)
 Metaspace       used 60745K, committed 62144K, reserved 491520K
  class space    used 8191K, committed 8896K, reserved 425984K
}
Event: 101.326 GC heap after
{Heap after GC invocations=121 (full 0):
 garbage-first heap   total 266240K, used 70750K [0x00000000a0000000, 0x0000000100000000)
  region size 1024K, 10 young (10240K), 10 survivors (10240K)
 Metaspace       used 60745K, committed 62144K, reserved 491520K
  class space    used 8191K, committed 8896K, reserved 425984K
}
Event: 102.100 GC heap before
{Heap before GC invocations=121 (full 0):
 garbage-first heap   total 266240K, used 220254K [0x00000000a0000000, 0x0000000100000000)
  region size 1024K, 156 young (159744K), 10 survivors (10240K)
 Metaspace       used 60746K, committed 62144K, reserved 491520K
  class space    used 8191K, committed 8896K, reserved 425984K
}
Event: 102.115 GC heap after
{Heap after GC invocations=122 (full 0):
 garbage-first heap   total 266240K, used 71752K [0x00000000a0000000, 0x0000000100000000)
  region size 1024K, 11 young (11264K), 11 survivors (11264K)
 Metaspace       used 60746K, committed 62144K, reserved 491520K
  class space    used 8191K, committed 8896K, reserved 425984K
}
Event: 103.787 GC heap before
{Heap before GC invocations=122 (full 0):
 garbage-first heap   total 266240K, used 220232K [0x00000000a0000000, 0x0000000100000000)
  region size 1024K, 156 young (159744K), 11 survivors (11264K)
 Metaspace       used 60747K, committed 62144K, reserved 491520K
  class space    used 8191K, committed 8896K, reserved 425984K
}
Event: 103.809 GC heap after
{Heap after GC invocations=123 (full 0):
 garbage-first heap   total 266240K, used 72219K [0x00000000a0000000, 0x0000000100000000)
  region size 1024K, 11 young (11264K), 11 survivors (11264K)
 Metaspace       used 60747K, committed 62144K, reserved 491520K
  class space    used 8191K, committed 8896K, reserved 425984K
}
Event: 104.651 GC heap before
{Heap before GC invocations=123 (full 0):
 garbage-first heap   total 266240K, used 220699K [0x00000000a0000000, 0x0000000100000000)
  region size 1024K, 156 young (159744K), 11 survivors (11264K)
 Metaspace       used 60747K, committed 62144K, reserved 491520K
  class space    used 8191K, committed 8896K, reserved 425984K
}
Event: 104.676 GC heap after
{Heap after GC invocations=124 (full 0):
 garbage-first heap   total 266240K, used 73324K [0x00000000a0000000, 0x0000000100000000)
  region size 1024K, 12 young (12288K), 12 survivors (12288K)
 Metaspace       used 60747K, committed 62144K, reserved 491520K
  class space    used 8191K, committed 8896K, reserved 425984K
}
Event: 105.456 GC heap before
{Heap before GC invocations=124 (full 0):
 garbage-first heap   total 266240K, used 220780K [0x00000000a0000000, 0x0000000100000000)
  region size 1024K, 156 young (159744K), 12 survivors (12288K)
 Metaspace       used 60749K, committed 62144K, reserved 491520K
  class space    used 8191K, committed 8896K, reserved 425984K
}
Event: 105.476 GC heap after
{Heap after GC invocations=125 (full 0):
 garbage-first heap   total 266240K, used 74237K [0x00000000a0000000, 0x0000000100000000)
  region size 1024K, 12 young (12288K), 12 survivors (12288K)
 Metaspace       used 60749K, committed 62144K, reserved 491520K
  class space    used 8191K, committed 8896K, reserved 425984K
}
Event: 106.022 GC heap before
{Heap before GC invocations=125 (full 0):
 garbage-first heap   total 266240K, used 221693K [0x00000000a0000000, 0x0000000100000000)
  region size 1024K, 156 young (159744K), 12 survivors (12288K)
 Metaspace       used 60749K, committed 62144K, reserved 491520K
  class space    used 8191K, committed 8896K, reserved 425984K
}
Event: 106.041 GC heap after
{Heap after GC invocations=126 (full 0):
 garbage-first heap   total 266240K, used 74310K [0x00000000a0000000, 0x0000000100000000)
  region size 1024K, 10 young (10240K), 10 survivors (10240K)
 Metaspace       used 60749K, committed 62144K, reserved 491520K
  class space    used 8191K, committed 8896K, reserved 425984K
}
Event: 106.518 GC heap before
{Heap before GC invocations=126 (full 0):
 garbage-first heap   total 266240K, used 223814K [0x00000000a0000000, 0x0000000100000000)
  region size 1024K, 156 young (159744K), 10 survivors (10240K)
 Metaspace       used 60754K, committed 62144K, reserved 491520K
  class space    used 8191K, committed 8896K, reserved 425984K
}
Event: 106.536 GC heap after
{Heap after GC invocations=127 (full 0):
 garbage-first heap   total 319488K, used 74962K [0x00000000a0000000, 0x0000000100000000)
  region size 1024K, 10 young (10240K), 10 survivors (10240K)
 Metaspace       used 60754K, committed 62144K, reserved 491520K
  class space    used 8191K, committed 8896K, reserved 425984K
}

