# JRE version: OpenJDK Runtime Environment (21.0.9) (build 21.0.9+-14787801-b1163.94)
# Java VM: OpenJDK 64-Bit Server VM (21.0.9+-14787801-b1163.94, mixed mode, tiered, compressed oops, compressed class ptrs, g1 gc, windows-amd64)
GC Precious Log:
 CardTable entry size: 512
 Card Set container configuration: InlinePtr #cards 5 size 8 Array Of Cards #cards 12 size 40 Howl #buckets 4 coarsen threshold 1843 Howl Bitmap #cards 512 size 80 coarsen threshold 460 Card regions per heap region 1 cards per card region 2048
 CPUs: 4 total, 4 available
 Memory: 3877M
 Large Page Support: Disabled
 NUMA Support: Disabled
 Compressed Oops: Enabled (32-bit)
 Heap Region Size: 1M
 Heap Min Capacity: 8M
 Heap Initial Capacity: 62M
 Heap Max Capacity: 1536M
 Pre-touch: Disabled
 Parallel Workers: 4
 Concurrent Workers: 1
 Concurrent Refinement Workers: 4
 Periodic GC: Disabled
Heap:
 garbage-first heap   total 231424K, used 199950K [0x00000000a0000000, 0x0000000100000000)
  region size 1024K, 124 young (126976K), 7 survivors (7168K)
 Metaspace       used 65649K, committed 67200K, reserved 491520K
  class space    used 8945K, committed 9664K, reserved 425984K
GC Heap History (20 events):
Event: 59.862 GC heap before
{Heap before GC invocations=78 (full 0):
 garbage-first heap   total 192512K, used 182159K [0x00000000a0000000, 0x0000000100000000)
  region size 1024K, 108 young (110592K), 5 survivors (5120K)
 Metaspace       used 65630K, committed 67136K, reserved 491520K
  class space    used 8945K, committed 9664K, reserved 425984K
}
Event: 59.873 GC heap after
{Heap after GC invocations=79 (full 0):
 garbage-first heap   total 192512K, used 76313K [0x00000000a0000000, 0x0000000100000000)
  region size 1024K, 5 young (5120K), 5 survivors (5120K)
 Metaspace       used 65630K, committed 67136K, reserved 491520K
  class space    used 8945K, committed 9664K, reserved 425984K
}
Event: 60.740 GC heap before
{Heap before GC invocations=79 (full 0):
 garbage-first heap   total 192512K, used 180761K [0x00000000a0000000, 0x0000000100000000)
  region size 1024K, 107 young (109568K), 5 survivors (5120K)
 Metaspace       used 65638K, committed 67136K, reserved 491520K
  class space    used 8945K, committed 9664K, reserved 425984K
}
Event: 60.746 GC heap after
{Heap after GC invocations=80 (full 0):
 garbage-first heap   total 192512K, used 76759K [0x00000000a0000000, 0x0000000100000000)
  region size 1024K, 5 young (5120K), 5 survivors (5120K)
 Metaspace       used 65638K, committed 67136K, reserved 491520K
  class space    used 8945K, committed 9664K, reserved 425984K
}
Event: 61.207 GC heap before
{Heap before GC invocations=81 (full 0):
 garbage-first heap   total 192512K, used 181207K [0x00000000a0000000, 0x0000000100000000)
  region size 1024K, 107 young (109568K), 5 survivors (5120K)
 Metaspace       used 65638K, committed 67136K, reserved 491520K
  class space    used 8945K, committed 9664K, reserved 425984K
}
Event: 61.213 GC heap after
{Heap after GC invocations=82 (full 0):
 garbage-first heap   total 192512K, used 77314K [0x00000000a0000000, 0x0000000100000000)
  region size 1024K, 5 young (5120K), 5 survivors (5120K)
 Metaspace       used 65638K, committed 67136K, reserved 491520K
  class space    used 8945K, committed 9664K, reserved 425984K
}
Event: 61.611 GC heap before
{Heap before GC invocations=82 (full 0):
 garbage-first heap   total 192512K, used 181762K [0x00000000a0000000, 0x0000000100000000)
  region size 1024K, 107 young (109568K), 5 survivors (5120K)
 Metaspace       used 65638K, committed 67136K, reserved 491520K
  class space    used 8945K, committed 9664K, reserved 425984K
}
Event: 61.619 GC heap after
{Heap after GC invocations=83 (full 0):
 garbage-first heap   total 192512K, used 77450K [0x00000000a0000000, 0x0000000100000000)
  region size 1024K, 5 young (5120K), 5 survivors (5120K)
 Metaspace       used 65638K, committed 67136K, reserved 491520K
  class space    used 8945K, committed 9664K, reserved 425984K
}
Event: 61.842 GC heap before
{Heap before GC invocations=83 (full 0):
 garbage-first heap   total 192512K, used 157322K [0x00000000a0000000, 0x0000000100000000)
  region size 1024K, 84 young (86016K), 5 survivors (5120K)
 Metaspace       used 65638K, committed 67136K, reserved 491520K
  class space    used 8945K, committed 9664K, reserved 425984K
}
Event: 61.848 GC heap after
{Heap after GC invocations=84 (full 0):
 garbage-first heap   total 192512K, used 77583K [0x00000000a0000000, 0x0000000100000000)
  region size 1024K, 5 young (5120K), 5 survivors (5120K)
 Metaspace       used 65638K, committed 67136K, reserved 491520K
  class space    used 8945K, committed 9664K, reserved 425984K
}
Event: 62.338 GC heap before
{Heap before GC invocations=85 (full 0):
 garbage-first heap   total 192512K, used 182031K [0x00000000a0000000, 0x0000000100000000)
  region size 1024K, 106 young (108544K), 5 survivors (5120K)
 Metaspace       used 65644K, committed 67200K, reserved 491520K
  class space    used 8945K, committed 9664K, reserved 425984K
}
Event: 62.345 GC heap after
{Heap after GC invocations=86 (full 0):
 garbage-first heap   total 192512K, used 78347K [0x00000000a0000000, 0x0000000100000000)
  region size 1024K, 5 young (5120K), 5 survivors (5120K)
 Metaspace       used 65644K, committed 67200K, reserved 491520K
  class space    used 8945K, committed 9664K, reserved 425984K
}
Event: 62.584 GC heap before
{Heap before GC invocations=86 (full 0):
 garbage-first heap   total 192512K, used 181771K [0x00000000a0000000, 0x0000000100000000)
  region size 1024K, 106 young (108544K), 5 survivors (5120K)
 Metaspace       used 65648K, committed 67200K, reserved 491520K
  class space    used 8945K, committed 9664K, reserved 425984K
}
Event: 62.591 GC heap after
{Heap after GC invocations=87 (full 0):
 garbage-first heap   total 192512K, used 79245K [0x00000000a0000000, 0x0000000100000000)
  region size 1024K, 6 young (6144K), 6 survivors (6144K)
 Metaspace       used 65648K, committed 67200K, reserved 491520K
  class space    used 8945K, committed 9664K, reserved 425984K
}
Event: 62.979 GC heap before
{Heap before GC invocations=88 (full 0):
 garbage-first heap   total 192512K, used 181645K [0x00000000a0000000, 0x0000000100000000)
  region size 1024K, 106 young (108544K), 6 survivors (6144K)
 Metaspace       used 65648K, committed 67200K, reserved 491520K
  class space    used 8945K, committed 9664K, reserved 425984K
}
Event: 62.987 GC heap after
{Heap after GC invocations=89 (full 0):
 garbage-first heap   total 192512K, used 79940K [0x00000000a0000000, 0x0000000100000000)
  region size 1024K, 6 young (6144K), 6 survivors (6144K)
 Metaspace       used 65648K, committed 67200K, reserved 491520K
  class space    used 8945K, committed 9664K, reserved 425984K
}
Event: 63.488 GC heap before
{Heap before GC invocations=89 (full 0):
 garbage-first heap   total 192512K, used 181316K [0x00000000a0000000, 0x0000000100000000)
  region size 1024K, 105 young (107520K), 6 survivors (6144K)
 Metaspace       used 65648K, committed 67200K, reserved 491520K
  class space    used 8945K, committed 9664K, reserved 425984K
}
Event: 63.495 GC heap after
{Heap after GC invocations=90 (full 0):
 garbage-first heap   total 231424K, used 80168K [0x00000000a0000000, 0x0000000100000000)
  region size 1024K, 6 young (6144K), 6 survivors (6144K)
 Metaspace       used 65648K, committed 67200K, reserved 491520K
  class space    used 8945K, committed 9664K, reserved 425984K
}
Event: 64.022 GC heap before
{Heap before GC invocations=91 (full 0):
 garbage-first heap   total 231424K, used 212264K [0x00000000a0000000, 0x0000000100000000)
  region size 1024K, 135 young (138240K), 6 survivors (6144K)
 Metaspace       used 65649K, committed 67200K, reserved 491520K
  class space    used 8945K, committed 9664K, reserved 425984K
}
Event: 64.031 GC heap after
{Heap after GC invocations=92 (full 0):
 garbage-first heap   total 231424K, used 81166K [0x00000000a0000000, 0x0000000100000000)
  region size 1024K, 7 young (7168K), 7 survivors (7168K)
 Metaspace       used 65649K, committed 67200K, reserved 491520K
  class space    used 8945K, committed 9664K, reserved 425984K
}

