# JRE version: OpenJDK Runtime Environment (21.0.9) (build 21.0.9+-14787801-b1163.94)
# Java VM: OpenJDK 64-Bit Server VM (21.0.9+-14787801-b1163.94, mixed mode, tiered, compressed oops, compressed class ptrs, g1 gc, windows-amd64)
GC Precious Log:
 CardTable entry size: 512
 Card Set container configuration: InlinePtr #cards 5 size 8 Array Of Cards #cards 12 size 40 Howl #buckets 4 coarsen threshold 1843 Howl Bitmap #cards 512 size 80 coarsen threshold 460 Card regions per heap region 1 cards per card region 2048
 CPUs: 4 total, 4 available
 Memory: 3877M
 Large Page Support: Disabled
 NUMA Support: Disabled
 Compressed Oops: Enabled (32-bit)
 Heap Region Size: 1M
 Heap Min Capacity: 8M
 Heap Initial Capacity: 62M
 Heap Max Capacity: 1536M
 Pre-touch: Disabled
 Parallel Workers: 4
 Concurrent Workers: 1
 Concurrent Refinement Workers: 4
 Periodic GC: Disabled
Heap:
 garbage-first heap   total 211968K, used 70617K [0x00000000a0000000, 0x0000000100000000)
  region size 1024K, 3 young (3072K), 3 survivors (3072K)
 Metaspace       used 82002K, committed 83456K, reserved 557056K
  class space    used 11389K, committed 12096K, reserved 425984K
GC Heap History (20 events):
Event: 111.951 GC heap after
{Heap after GC invocations=48 (full 0):
 garbage-first heap   total 211968K, used 79160K [0x00000000a0000000, 0x0000000100000000)
  region size 1024K, 7 young (7168K), 7 survivors (7168K)
 Metaspace       used 63288K, committed 64768K, reserved 491520K
  class space    used 8538K, committed 9216K, reserved 425984K
}
Event: 113.339 GC heap before
{Heap before GC invocations=48 (full 0):
 garbage-first heap   total 211968K, used 156984K [0x00000000a0000000, 0x0000000100000000)
  region size 1024K, 84 young (86016K), 7 survivors (7168K)
 Metaspace       used 65875K, committed 67264K, reserved 491520K
  class space    used 8804K, committed 9472K, reserved 425984K
}
Event: 113.348 GC heap after
{Heap after GC invocations=49 (full 0):
 garbage-first heap   total 211968K, used 68418K [0x00000000a0000000, 0x0000000100000000)
  region size 1024K, 3 young (3072K), 3 survivors (3072K)
 Metaspace       used 65875K, committed 67264K, reserved 491520K
  class space    used 8804K, committed 9472K, reserved 425984K
}
Event: 124.362 GC heap before
{Heap before GC invocations=50 (full 0):
 garbage-first heap   total 211968K, used 199490K [0x00000000a0000000, 0x0000000100000000)
  region size 1024K, 124 young (126976K), 3 survivors (3072K)
 Metaspace       used 65884K, committed 67264K, reserved 491520K
  class space    used 8804K, committed 9472K, reserved 425984K
}
Event: 124.527 GC heap after
{Heap after GC invocations=51 (full 0):
 garbage-first heap   total 211968K, used 77168K [0x00000000a0000000, 0x0000000100000000)
  region size 1024K, 5 young (5120K), 5 survivors (5120K)
 Metaspace       used 65884K, committed 67264K, reserved 491520K
  class space    used 8804K, committed 9472K, reserved 425984K
}
Event: 151.804 GC heap before
{Heap before GC invocations=51 (full 0):
 garbage-first heap   total 211968K, used 199024K [0x00000000a0000000, 0x0000000100000000)
  region size 1024K, 124 young (126976K), 5 survivors (5120K)
 Metaspace       used 65890K, committed 67264K, reserved 491520K
  class space    used 8804K, committed 9472K, reserved 425984K
}
Event: 151.818 GC heap after
{Heap after GC invocations=52 (full 0):
 garbage-first heap   total 211968K, used 78935K [0x00000000a0000000, 0x0000000100000000)
  region size 1024K, 7 young (7168K), 7 survivors (7168K)
 Metaspace       used 65890K, committed 67264K, reserved 491520K
  class space    used 8804K, committed 9472K, reserved 425984K
}
Event: 152.115 GC heap before
{Heap before GC invocations=52 (full 0):
 garbage-first heap   total 211968K, used 198743K [0x00000000a0000000, 0x0000000100000000)
  region size 1024K, 124 young (126976K), 7 survivors (7168K)
 Metaspace       used 65893K, committed 67264K, reserved 491520K
  class space    used 8804K, committed 9472K, reserved 425984K
}
Event: 152.125 GC heap after
{Heap after GC invocations=53 (full 0):
 garbage-first heap   total 211968K, used 80716K [0x00000000a0000000, 0x0000000100000000)
  region size 1024K, 8 young (8192K), 8 survivors (8192K)
 Metaspace       used 65893K, committed 67264K, reserved 491520K
  class space    used 8804K, committed 9472K, reserved 425984K
}
Event: 152.421 GC heap before
{Heap before GC invocations=54 (full 0):
 garbage-first heap   total 211968K, used 199500K [0x00000000a0000000, 0x0000000100000000)
  region size 1024K, 124 young (126976K), 8 survivors (8192K)
 Metaspace       used 65893K, committed 67264K, reserved 491520K
  class space    used 8804K, committed 9472K, reserved 425984K
}
Event: 152.433 GC heap after
{Heap after GC invocations=55 (full 0):
 garbage-first heap   total 211968K, used 82756K [0x00000000a0000000, 0x0000000100000000)
  region size 1024K, 8 young (8192K), 8 survivors (8192K)
 Metaspace       used 65893K, committed 67264K, reserved 491520K
  class space    used 8804K, committed 9472K, reserved 425984K
}
Event: 152.995 GC heap before
{Heap before GC invocations=55 (full 0):
 garbage-first heap   total 211968K, used 199492K [0x00000000a0000000, 0x0000000100000000)
  region size 1024K, 122 young (124928K), 8 survivors (8192K)
 Metaspace       used 65909K, committed 67328K, reserved 491520K
  class space    used 8805K, committed 9472K, reserved 425984K
}
Event: 153.045 GC heap after
{Heap after GC invocations=56 (full 0):
 garbage-first heap   total 211968K, used 69290K [0x00000000a0000000, 0x0000000100000000)
  region size 1024K, 2 young (2048K), 2 survivors (2048K)
 Metaspace       used 65909K, committed 67328K, reserved 491520K
  class space    used 8805K, committed 9472K, reserved 425984K
}
Event: 153.071 GC heap before
{Heap before GC invocations=56 (full 0):
 garbage-first heap   total 211968K, used 75434K [0x00000000a0000000, 0x0000000100000000)
  region size 1024K, 9 young (9216K), 2 survivors (2048K)
 Metaspace       used 65909K, committed 67328K, reserved 491520K
  class space    used 8805K, committed 9472K, reserved 425984K
}
Event: 153.099 GC heap after
{Heap after GC invocations=57 (full 0):
 garbage-first heap   total 211968K, used 68400K [0x00000000a0000000, 0x0000000100000000)
  region size 1024K, 1 young (1024K), 1 survivors (1024K)
 Metaspace       used 65909K, committed 67328K, reserved 491520K
  class space    used 8805K, committed 9472K, reserved 425984K
}
Event: 160.424 GC heap before
{Heap before GC invocations=58 (full 0):
 garbage-first heap   total 211968K, used 200496K [0x00000000a0000000, 0x0000000100000000)
  region size 1024K, 124 young (126976K), 1 survivors (1024K)
 Metaspace       used 65867K, committed 67392K, reserved 491520K
  class space    used 8794K, committed 9472K, reserved 425984K
}
Event: 160.431 GC heap after
{Heap after GC invocations=59 (full 0):
 garbage-first heap   total 211968K, used 68022K [0x00000000a0000000, 0x0000000100000000)
  region size 1024K, 1 young (1024K), 1 survivors (1024K)
 Metaspace       used 65867K, committed 67392K, reserved 491520K
  class space    used 8794K, committed 9472K, reserved 425984K
}
Event: 161.444 GC heap before
{Heap before GC invocations=59 (full 0):
 garbage-first heap   total 211968K, used 194998K [0x00000000a0000000, 0x0000000100000000)
  region size 1024K, 124 young (126976K), 1 survivors (1024K)
 Metaspace       used 65879K, committed 67392K, reserved 491520K
  class space    used 8794K, committed 9472K, reserved 425984K
}
Event: 161.487 GC heap after
{Heap after GC invocations=60 (full 0):
 garbage-first heap   total 211968K, used 68055K [0x00000000a0000000, 0x0000000100000000)
  region size 1024K, 1 young (1024K), 1 survivors (1024K)
 Metaspace       used 65879K, committed 67392K, reserved 491520K
  class space    used 8794K, committed 9472K, reserved 425984K
}
Event: 215.111 GC heap before
{Heap before GC invocations=60 (full 0):
 garbage-first heap   total 211968K, used 194007K [0x00000000a0000000, 0x0000000100000000)
  region size 1024K, 124 young (126976K), 1 survivors (1024K)
 Metaspace       used 82002K, committed 83456K, reserved 557056K
  class space    used 11389K, committed 12096K, reserved 425984K
}

