# JRE version: OpenJDK Runtime Environment (21.0.9) (build 21.0.9+-14787801-b1163.94)
# Java VM: OpenJDK 64-Bit Server VM (21.0.9+-14787801-b1163.94, mixed mode, tiered, compressed oops, compressed class ptrs, g1 gc, windows-amd64)
GC Precious Log:
 CardTable entry size: 512
 Card Set container configuration: InlinePtr #cards 5 size 8 Array Of Cards #cards 12 size 40 Howl #buckets 4 coarsen threshold 1843 Howl Bitmap #cards 512 size 80 coarsen threshold 460 Card regions per heap region 1 cards per card region 2048
 CPUs: 4 total, 4 available
 Memory: 3877M
 Large Page Support: Disabled
 NUMA Support: Disabled
 Compressed Oops: Enabled (32-bit)
 Heap Region Size: 1M
 Heap Min Capacity: 8M
 Heap Initial Capacity: 62M
 Heap Max Capacity: 1536M
 Pre-touch: Disabled
 Parallel Workers: 4
 Concurrent Workers: 1
 Concurrent Refinement Workers: 4
 Periodic GC: Disabled
Heap:
 garbage-first heap   total 338944K, used 170751K [0x00000000a0000000, 0x0000000100000000)
  region size 1024K, 61 young (62464K), 1 survivors (1024K)
 Metaspace       used 155137K, committed 157248K, reserved 622592K
  class space    used 19962K, committed 20992K, reserved 425984K
GC Heap History (20 events):
Event: 399.056 GC heap before
{Heap before GC invocations=175 (full 0):
 garbage-first heap   total 338944K, used 313730K [0x00000000a0000000, 0x0000000100000000)
  region size 1024K, 198 young (202752K), 1 survivors (1024K)
 Metaspace       used 155109K, committed 157248K, reserved 622592K
  class space    used 19962K, committed 20992K, reserved 425984K
}
Event: 399.079 GC heap after
{Heap after GC invocations=176 (full 0):
 garbage-first heap   total 338944K, used 110628K [0x00000000a0000000, 0x0000000100000000)
  region size 1024K, 1 young (1024K), 1 survivors (1024K)
 Metaspace       used 155109K, committed 157248K, reserved 622592K
  class space    used 19962K, committed 20992K, reserved 425984K
}
Event: 399.625 GC heap before
{Heap before GC invocations=176 (full 0):
 garbage-first heap   total 338944K, used 148516K [0x00000000a0000000, 0x0000000100000000)
  region size 1024K, 39 young (39936K), 1 survivors (1024K)
 Metaspace       used 155126K, committed 157248K, reserved 622592K
  class space    used 19962K, committed 20992K, reserved 425984K
}
Event: 399.628 GC heap after
{Heap after GC invocations=177 (full 0):
 garbage-first heap   total 338944K, used 110589K [0x00000000a0000000, 0x0000000100000000)
  region size 1024K, 1 young (1024K), 1 survivors (1024K)
 Metaspace       used 155126K, committed 157248K, reserved 622592K
  class space    used 19962K, committed 20992K, reserved 425984K
}
Event: 405.381 GC heap before
{Heap before GC invocations=178 (full 0):
 garbage-first heap   total 338944K, used 316413K [0x00000000a0000000, 0x0000000100000000)
  region size 1024K, 198 young (202752K), 1 survivors (1024K)
 Metaspace       used 155131K, committed 157248K, reserved 622592K
  class space    used 19962K, committed 20992K, reserved 425984K
}
Event: 405.386 GC heap after
{Heap after GC invocations=179 (full 0):
 garbage-first heap   total 338944K, used 115804K [0x00000000a0000000, 0x0000000100000000)
  region size 1024K, 2 young (2048K), 2 survivors (2048K)
 Metaspace       used 155131K, committed 157248K, reserved 622592K
  class space    used 19962K, committed 20992K, reserved 425984K
}
Event: 407.115 GC heap before
{Heap before GC invocations=179 (full 0):
 garbage-first heap   total 338944K, used 316508K [0x00000000a0000000, 0x0000000100000000)
  region size 1024K, 198 young (202752K), 2 survivors (2048K)
 Metaspace       used 155131K, committed 157248K, reserved 622592K
  class space    used 19962K, committed 20992K, reserved 425984K
}
Event: 407.127 GC heap after
{Heap after GC invocations=180 (full 0):
 garbage-first heap   total 338944K, used 116079K [0x00000000a0000000, 0x0000000100000000)
  region size 1024K, 2 young (2048K), 2 survivors (2048K)
 Metaspace       used 155131K, committed 157248K, reserved 622592K
  class space    used 19962K, committed 20992K, reserved 425984K
}
Event: 409.527 GC heap before
{Heap before GC invocations=180 (full 0):
 garbage-first heap   total 338944K, used 316783K [0x00000000a0000000, 0x0000000100000000)
  region size 1024K, 198 young (202752K), 2 survivors (2048K)
 Metaspace       used 155131K, committed 157248K, reserved 622592K
  class space    used 19962K, committed 20992K, reserved 425984K
}
Event: 409.536 GC heap after
{Heap after GC invocations=181 (full 0):
 garbage-first heap   total 338944K, used 116778K [0x00000000a0000000, 0x0000000100000000)
  region size 1024K, 3 young (3072K), 3 survivors (3072K)
 Metaspace       used 155131K, committed 157248K, reserved 622592K
  class space    used 19962K, committed 20992K, reserved 425984K
}
Event: 411.501 GC heap before
{Heap before GC invocations=182 (full 0):
 garbage-first heap   total 338944K, used 316458K [0x00000000a0000000, 0x0000000100000000)
  region size 1024K, 198 young (202752K), 3 survivors (3072K)
 Metaspace       used 155131K, committed 157248K, reserved 622592K
  class space    used 19962K, committed 20992K, reserved 425984K
}
Event: 411.508 GC heap after
{Heap after GC invocations=183 (full 0):
 garbage-first heap   total 338944K, used 117764K [0x00000000a0000000, 0x0000000100000000)
  region size 1024K, 4 young (4096K), 4 survivors (4096K)
 Metaspace       used 155131K, committed 157248K, reserved 622592K
  class space    used 19962K, committed 20992K, reserved 425984K
}
Event: 414.377 GC heap before
{Heap before GC invocations=183 (full 0):
 garbage-first heap   total 338944K, used 320516K [0x00000000a0000000, 0x0000000100000000)
  region size 1024K, 198 young (202752K), 4 survivors (4096K)
 Metaspace       used 155131K, committed 157248K, reserved 622592K
  class space    used 19962K, committed 20992K, reserved 425984K
}
Event: 414.391 GC heap after
{Heap after GC invocations=184 (full 0):
 garbage-first heap   total 338944K, used 116509K [0x00000000a0000000, 0x0000000100000000)
  region size 1024K, 3 young (3072K), 3 survivors (3072K)
 Metaspace       used 155131K, committed 157248K, reserved 622592K
  class space    used 19962K, committed 20992K, reserved 425984K
}
Event: 418.531 GC heap before
{Heap before GC invocations=184 (full 0):
 garbage-first heap   total 338944K, used 316189K [0x00000000a0000000, 0x0000000100000000)
  region size 1024K, 198 young (202752K), 3 survivors (3072K)
 Metaspace       used 155131K, committed 157248K, reserved 622592K
  class space    used 19962K, committed 20992K, reserved 425984K
}
Event: 418.549 GC heap after
{Heap after GC invocations=185 (full 0):
 garbage-first heap   total 338944K, used 119171K [0x00000000a0000000, 0x0000000100000000)
  region size 1024K, 5 young (5120K), 5 survivors (5120K)
 Metaspace       used 155131K, committed 157248K, reserved 622592K
  class space    used 19962K, committed 20992K, reserved 425984K
}
Event: 421.019 GC heap before
{Heap before GC invocations=186 (full 0):
 garbage-first heap   total 338944K, used 316803K [0x00000000a0000000, 0x0000000100000000)
  region size 1024K, 198 young (202752K), 5 survivors (5120K)
 Metaspace       used 155131K, committed 157248K, reserved 622592K
  class space    used 19962K, committed 20992K, reserved 425984K
}
Event: 421.022 GC heap after
{Heap after GC invocations=187 (full 0):
 garbage-first heap   total 338944K, used 111475K [0x00000000a0000000, 0x0000000100000000)
  region size 1024K, 2 young (2048K), 2 survivors (2048K)
 Metaspace       used 155131K, committed 157248K, reserved 622592K
  class space    used 19962K, committed 20992K, reserved 425984K
}
Event: 422.254 GC heap before
{Heap before GC invocations=187 (full 0):
 garbage-first heap   total 338944K, used 312179K [0x00000000a0000000, 0x0000000100000000)
  region size 1024K, 198 young (202752K), 2 survivors (2048K)
 Metaspace       used 155132K, committed 157248K, reserved 622592K
  class space    used 19962K, committed 20992K, reserved 425984K
}
Event: 422.269 GC heap after
{Heap after GC invocations=188 (full 0):
 garbage-first heap   total 338944K, used 110335K [0x00000000a0000000, 0x0000000100000000)
  region size 1024K, 1 young (1024K), 1 survivors (1024K)
 Metaspace       used 155132K, committed 157248K, reserved 622592K
  class space    used 19962K, committed 20992K, reserved 425984K
}

